<?xml version="1.0" encoding="UTF-8"?>
<!-- Generated by org.testng.reporters.JUnitReportReporter -->
<testsuite hostname="DESKTOP-HJUS9FO" failures="0" tests="1" name="testScripts.LoginTest" time="8.994" errors="0" timestamp="2024-12-10T12:44:47 IST" skipped="0">
  <testcase classname="testScripts.LoginTest" name="verifyTheUserIsAbleToLoginUsingValidCredentials" time="8.994"/>
</testsuite> <!-- testScripts.LoginTest -->
