<?xml version="1.0" encoding="UTF-8"?>
<!-- Generated by org.testng.reporters.JUnitReportReporter -->
<testsuite hostname="DESKTOP-HJUS9FO" failures="0" tests="1" name="testScripts.Login" time="6.786" errors="0" timestamp="2024-11-28T10:42:15 IST" skipped="0">
  <testcase classname="testScripts.Login" name="loginBothIncorrect" time="6.786"/>
</testsuite> <!-- testScripts.Login -->
