<?xml version="1.0" encoding="UTF-8"?>
<!-- Generated by org.testng.reporters.JUnitReportReporter -->
<testsuite hostname="DESKTOP-HJUS9FO" failures="0" tests="1" name="testScripts.ManageNewsTest" time="7.298" errors="0" timestamp="2024-11-30T20:59:30 IST" skipped="0">
  <testcase classname="testScripts.ManageNewsTest" name="manageNewstab" time="7.298"/>
</testsuite> <!-- testScripts.ManageNewsTest -->
